
> phc-mobile-backend@1.0.0 dev
> nodemon server.js

[33m[nodemon] 3.1.10[39m
[33m[nodemon] to restart at any time, enter `rs`[39m
[33m[nodemon] watching path(s): *.*[39m
[33m[nodemon] watching extensions: js,mjs,cjs,json[39m
[32m[nodemon] starting `node server.js`[39m
Executing (default): SELECT 1+1 AS result
✅ Database connection established successfully.
Executing (default): SELECT TABLE_NAME FROM INFORMATION_SCHEMA.TABLES WHERE TABLE_TYPE = 'BASE TABLE' AND TABLE_NAME = 'users' AND TABLE_SCHEMA = 'phc_mobile'
Executing (default): SHOW INDEX FROM `users`
Executing (default): SELECT TABLE_NAME FROM INFORMATION_SCHEMA.TABLES WHERE TABLE_TYPE = 'BASE TABLE' AND TABLE_NAME = 'health_data' AND TABLE_SCHEMA = 'phc_mobile'
Executing (default): SHOW INDEX FROM `health_data`
Executing (default): SELECT TABLE_NAME FROM INFORMATION_SCHEMA.TABLES WHERE TABLE_TYPE = 'BASE TABLE' AND TABLE_NAME = 'assessments' AND TABLE_SCHEMA = 'phc_mobile'
Executing (default): SHOW INDEX FROM `assessments`
Executing (default): SELECT TABLE_NAME FROM INFORMATION_SCHEMA.TABLES WHERE TABLE_TYPE = 'BASE TABLE' AND TABLE_NAME = 'clinics' AND TABLE_SCHEMA = 'phc_mobile'
Executing (default): SHOW INDEX FROM `clinics`
Executing (default): SELECT TABLE_NAME FROM INFORMATION_SCHEMA.TABLES WHERE TABLE_TYPE = 'BASE TABLE' AND TABLE_NAME = 'services' AND TABLE_SCHEMA = 'phc_mobile'
Executing (default): SHOW INDEX FROM `services`
Executing (default): SELECT TABLE_NAME FROM INFORMATION_SCHEMA.TABLES WHERE TABLE_TYPE = 'BASE TABLE' AND TABLE_NAME = 'doctors' AND TABLE_SCHEMA = 'phc_mobile'
Executing (default): SHOW INDEX FROM `doctors`
Executing (default): SELECT TABLE_NAME FROM INFORMATION_SCHEMA.TABLES WHERE TABLE_TYPE = 'BASE TABLE' AND TABLE_NAME = 'bookings' AND TABLE_SCHEMA = 'phc_mobile'
Executing (default): SHOW INDEX FROM `bookings`
Executing (default): SELECT TABLE_NAME FROM INFORMATION_SCHEMA.TABLES WHERE TABLE_TYPE = 'BASE TABLE' AND TABLE_NAME = 'mood_tracking' AND TABLE_SCHEMA = 'phc_mobile'
Executing (default): SHOW INDEX FROM `mood_tracking`
Executing (default): SELECT TABLE_NAME FROM INFORMATION_SCHEMA.TABLES WHERE TABLE_TYPE = 'BASE TABLE' AND TABLE_NAME = 'water_tracking' AND TABLE_SCHEMA = 'phc_mobile'
Executing (default): SHOW INDEX FROM `water_tracking`
Executing (default): SELECT TABLE_NAME FROM INFORMATION_SCHEMA.TABLES WHERE TABLE_TYPE = 'BASE TABLE' AND TABLE_NAME = 'sleep_tracking' AND TABLE_SCHEMA = 'phc_mobile'
Executing (default): SHOW INDEX FROM `sleep_tracking`
Executing (default): SELECT TABLE_NAME FROM INFORMATION_SCHEMA.TABLES WHERE TABLE_TYPE = 'BASE TABLE' AND TABLE_NAME = 'meal_logging' AND TABLE_SCHEMA = 'phc_mobile'
Executing (default): SHOW INDEX FROM `meal_logging`
✅ Database synchronized successfully.
🚀 PHC Mobile Backend running on port 5432
📊 Environment: development
🗄️  Database: MySQL connected successfully
[0mGET /health [32m200[0m 1.187 ms - 107[0m
[0mGET /health [32m200[0m 0.179 ms - 107[0m
Executing (default): SELECT `id`, `name`, `email`, `password`, `role`, `avatar`, `phone`, `date_of_birth`, `gender`, `height`, `weight`, `activity_level`, `health_goals`, `medical_history`, `preferences`, `points`, `streak_days`, `is_active`, `email_verified`, `last_login`, `reset_password_token`, `reset_password_expires`, `created_at` AS `createdAt`, `updated_at` AS `updatedAt` FROM `users` AS `User` WHERE `User`.`email` = 'test@example.com';
[0mPOST /api/auth/login [33m401[0m 8.300 ms - 49[0m
[0mGET /admin/admin-dashboard.html [36m304[0m 2.989 ms - -[0m
Executing (default): SELECT `id`, `name`, `email`, `password`, `role`, `avatar`, `phone`, `date_of_birth`, `gender`, `height`, `weight`, `activity_level`, `health_goals`, `medical_history`, `preferences`, `points`, `streak_days`, `is_active`, `email_verified`, `last_login`, `reset_password_token`, `reset_password_expires`, `created_at` AS `createdAt`, `updated_at` AS `updatedAt` FROM `users` AS `User` WHERE `User`.`id` = 4;
Executing (default): SELECT count(*) AS `count` FROM `users` AS `User`;
Executing (default): SELECT count(*) AS `count` FROM `clinics` AS `Clinic`;
Executing (default): SELECT count(*) AS `count` FROM `doctors` AS `Doctor`;
Executing (default): SELECT count(*) AS `count` FROM `bookings` AS `Booking`;
Executing (default): SELECT count(*) AS `count` FROM `assessments` AS `Assessment`;
Executing (default): SELECT count(*) AS `count` FROM `health_data` AS `HealthData`;
Executing (default): SELECT count(*) AS `count` FROM `meal_logging` AS `MealLogging`;
Executing (default): SELECT count(*) AS `count` FROM `sleep_tracking` AS `SleepTracking`;
Executing (default): SELECT count(*) AS `count` FROM `water_tracking` AS `WaterTracking`;
Executing (default): SELECT count(*) AS `count` FROM `mood_tracking` AS `MoodTracking`;
Executing (default): SELECT `id`, `name`, `email`, `created_at` AS `createdAt` FROM `users` AS `User` ORDER BY `createdAt` DESC LIMIT 5;
Executing (default): SELECT `Booking`.`id`, `Booking`.`booking_id`, `Booking`.`user_id`, `Booking`.`clinic_id`, `Booking`.`service_id`, `Booking`.`doctor_id`, `Booking`.`appointment_date`, `Booking`.`appointment_time`, `Booking`.`status`, `Booking`.`notes`, `Booking`.`total_price`, `Booking`.`payment_status`, `Booking`.`payment_method`, `Booking`.`reminder_sent`, `Booking`.`cancellation_reason`, `Booking`.`cancelled_at`, `Booking`.`cancelled_by`, `Booking`.`created_at` AS `createdAt`, `Booking`.`updated_at` AS `updatedAt`, `user`.`id` AS `user.id`, `user`.`name` AS `user.name`, `user`.`email` AS `user.email`, `clinic`.`id` AS `clinic.id`, `clinic`.`name` AS `clinic.name` FROM `bookings` AS `Booking` LEFT OUTER JOIN `users` AS `user` ON `Booking`.`user_id` = `user`.`id` LEFT OUTER JOIN `clinics` AS `clinic` ON `Booking`.`clinic_id` = `clinic`.`id` ORDER BY `createdAt` DESC LIMIT 5;
[0mGET /api/admin/dashboard [32m200[0m 29.827 ms - -[0m
Executing (default): SELECT `id`, `name`, `email`, `password`, `role`, `avatar`, `phone`, `date_of_birth`, `gender`, `height`, `weight`, `activity_level`, `health_goals`, `medical_history`, `preferences`, `points`, `streak_days`, `is_active`, `email_verified`, `last_login`, `reset_password_token`, `reset_password_expires`, `created_at` AS `createdAt`, `updated_at` AS `updatedAt` FROM `users` AS `User` WHERE `User`.`id` = 4;
Executing (default): SELECT count(*) AS `count` FROM `users` AS `User`;
Executing (default): SELECT `id`, `name`, `email`, `password`, `role`, `avatar`, `phone`, `date_of_birth`, `gender`, `height`, `weight`, `activity_level`, `health_goals`, `medical_history`, `preferences`, `points`, `streak_days`, `is_active`, `email_verified`, `last_login`, `reset_password_token`, `reset_password_expires`, `created_at` AS `createdAt`, `updated_at` AS `updatedAt` FROM `users` AS `User` ORDER BY `createdAt` DESC LIMIT 0, 10;
[0mGET /api/admin/users [32m200[0m 11.441 ms - -[0m
Executing (default): SELECT `id`, `name`, `email`, `password`, `role`, `avatar`, `phone`, `date_of_birth`, `gender`, `height`, `weight`, `activity_level`, `health_goals`, `medical_history`, `preferences`, `points`, `streak_days`, `is_active`, `email_verified`, `last_login`, `reset_password_token`, `reset_password_expires`, `created_at` AS `createdAt`, `updated_at` AS `updatedAt` FROM `users` AS `User` WHERE `User`.`id` = 4;
Executing (default): SELECT count(`Clinic`.`id`) AS `count` FROM `clinics` AS `Clinic` LEFT OUTER JOIN `doctors` AS `doctors` ON `Clinic`.`id` = `doctors`.`clinic_id`;
Executing (default): SELECT `Clinic`.*, `doctors`.`id` AS `doctors.id`, `doctors`.`name` AS `doctors.name` FROM (SELECT `Clinic`.`id`, `Clinic`.`name`, `Clinic`.`address`, `Clinic`.`city`, `Clinic`.`phone`, `Clinic`.`email`, `Clinic`.`rating`, `Clinic`.`total_reviews`, `Clinic`.`latitude`, `Clinic`.`longitude`, `Clinic`.`operating_hours`, `Clinic`.`is_active`, `Clinic`.`image_url`, `Clinic`.`description`, `Clinic`.`created_at` AS `createdAt`, `Clinic`.`updated_at` AS `updatedAt` FROM `clinics` AS `Clinic` ORDER BY `Clinic`.`created_at` DESC LIMIT 0, 10) AS `Clinic` LEFT OUTER JOIN `doctors` AS `doctors` ON `Clinic`.`id` = `doctors`.`clinic_id` ORDER BY `createdAt` DESC;
[0mGET /api/admin/clinics [32m200[0m 18.771 ms - -[0m
[0mGET /api/admin/bookings/3 [33m404[0m 0.905 ms - 45[0m
[0mGET /api/admin/bookings/id?=1 [33m404[0m 0.426 ms - 45[0m
Executing (default): SELECT `id`, `name`, `email`, `password`, `role`, `avatar`, `phone`, `date_of_birth`, `gender`, `height`, `weight`, `activity_level`, `health_goals`, `medical_history`, `preferences`, `points`, `streak_days`, `is_active`, `email_verified`, `last_login`, `reset_password_token`, `reset_password_expires`, `created_at` AS `createdAt`, `updated_at` AS `updatedAt` FROM `users` AS `User` WHERE `User`.`id` = 4;
Executing (default): SELECT `Booking`.`id`, `Booking`.`booking_id`, `Booking`.`user_id`, `Booking`.`clinic_id`, `Booking`.`service_id`, `Booking`.`doctor_id`, `Booking`.`appointment_date`, `Booking`.`appointment_time`, `Booking`.`status`, `Booking`.`notes`, `Booking`.`total_price`, `Booking`.`payment_status`, `Booking`.`payment_method`, `Booking`.`reminder_sent`, `Booking`.`cancellation_reason`, `Booking`.`cancelled_at`, `Booking`.`cancelled_by`, `Booking`.`created_at` AS `createdAt`, `Booking`.`updated_at` AS `updatedAt`, `user`.`id` AS `user.id`, `user`.`name` AS `user.name`, `user`.`email` AS `user.email`, `clinic`.`id` AS `clinic.id`, `clinic`.`name` AS `clinic.name`, `doctor`.`id` AS `doctor.id`, `doctor`.`name` AS `doctor.name`, `doctor`.`specialization` AS `doctor.specialization` FROM `bookings` AS `Booking` LEFT OUTER JOIN `users` AS `user` ON `Booking`.`user_id` = `user`.`id` LEFT OUTER JOIN `clinics` AS `clinic` ON `Booking`.`clinic_id` = `clinic`.`id` LEFT OUTER JOIN `doctors` AS `doctor` ON `Booking`.`doctor_id` = `doctor`.`id` ORDER BY `createdAt` DESC;
[0mGET /api/admin/bookings [32m200[0m 9.500 ms - -[0m
Executing (default): SELECT `id`, `name`, `email`, `password`, `role`, `avatar`, `phone`, `date_of_birth`, `gender`, `height`, `weight`, `activity_level`, `health_goals`, `medical_history`, `preferences`, `points`, `streak_days`, `is_active`, `email_verified`, `last_login`, `reset_password_token`, `reset_password_expires`, `created_at` AS `createdAt`, `updated_at` AS `updatedAt` FROM `users` AS `User` WHERE `User`.`id` = 4;
Executing (default): SELECT `Booking`.`id`, `Booking`.`booking_id`, `Booking`.`user_id`, `Booking`.`clinic_id`, `Booking`.`service_id`, `Booking`.`doctor_id`, `Booking`.`appointment_date`, `Booking`.`appointment_time`, `Booking`.`status`, `Booking`.`notes`, `Booking`.`total_price`, `Booking`.`payment_status`, `Booking`.`payment_method`, `Booking`.`reminder_sent`, `Booking`.`cancellation_reason`, `Booking`.`cancelled_at`, `Booking`.`cancelled_by`, `Booking`.`created_at` AS `createdAt`, `Booking`.`updated_at` AS `updatedAt`, `user`.`id` AS `user.id`, `user`.`name` AS `user.name`, `user`.`email` AS `user.email`, `clinic`.`id` AS `clinic.id`, `clinic`.`name` AS `clinic.name`, `doctor`.`id` AS `doctor.id`, `doctor`.`name` AS `doctor.name`, `doctor`.`specialization` AS `doctor.specialization` FROM `bookings` AS `Booking` LEFT OUTER JOIN `users` AS `user` ON `Booking`.`user_id` = `user`.`id` LEFT OUTER JOIN `clinics` AS `clinic` ON `Booking`.`clinic_id` = `clinic`.`id` LEFT OUTER JOIN `doctors` AS `doctor` ON `Booking`.`doctor_id` = `doctor`.`id` ORDER BY `createdAt` DESC;
[0mGET /api/admin/bookings/?1 [32m200[0m 4.586 ms - -[0m
[31m[nodemon] app crashed - waiting for file changes before starting...[39m
[32m[nodemon] restarting due to changes...[39m
[32m[nodemon] starting `node server.js`[39m
Executing (default): SELECT 1+1 AS result
✅ Database connection established successfully.
Executing (default): SELECT TABLE_NAME FROM INFORMATION_SCHEMA.TABLES WHERE TABLE_TYPE = 'BASE TABLE' AND TABLE_NAME = 'users' AND TABLE_SCHEMA = 'phc_mobile'
Executing (default): SHOW INDEX FROM `users`
Executing (default): SELECT TABLE_NAME FROM INFORMATION_SCHEMA.TABLES WHERE TABLE_TYPE = 'BASE TABLE' AND TABLE_NAME = 'health_data' AND TABLE_SCHEMA = 'phc_mobile'
Executing (default): SHOW INDEX FROM `health_data`
Executing (default): SELECT TABLE_NAME FROM INFORMATION_SCHEMA.TABLES WHERE TABLE_TYPE = 'BASE TABLE' AND TABLE_NAME = 'assessments' AND TABLE_SCHEMA = 'phc_mobile'
Executing (default): SHOW INDEX FROM `assessments`
Executing (default): SELECT TABLE_NAME FROM INFORMATION_SCHEMA.TABLES WHERE TABLE_TYPE = 'BASE TABLE' AND TABLE_NAME = 'clinics' AND TABLE_SCHEMA = 'phc_mobile'
Executing (default): SHOW INDEX FROM `clinics`
Executing (default): SELECT TABLE_NAME FROM INFORMATION_SCHEMA.TABLES WHERE TABLE_TYPE = 'BASE TABLE' AND TABLE_NAME = 'services' AND TABLE_SCHEMA = 'phc_mobile'
Executing (default): SHOW INDEX FROM `services`
Executing (default): SELECT TABLE_NAME FROM INFORMATION_SCHEMA.TABLES WHERE TABLE_TYPE = 'BASE TABLE' AND TABLE_NAME = 'doctors' AND TABLE_SCHEMA = 'phc_mobile'
Executing (default): SHOW INDEX FROM `doctors`
Executing (default): SELECT TABLE_NAME FROM INFORMATION_SCHEMA.TABLES WHERE TABLE_TYPE = 'BASE TABLE' AND TABLE_NAME = 'bookings' AND TABLE_SCHEMA = 'phc_mobile'
Executing (default): SHOW INDEX FROM `bookings`
Executing (default): SELECT TABLE_NAME FROM INFORMATION_SCHEMA.TABLES WHERE TABLE_TYPE = 'BASE TABLE' AND TABLE_NAME = 'mood_tracking' AND TABLE_SCHEMA = 'phc_mobile'
Executing (default): SHOW INDEX FROM `mood_tracking`
Executing (default): SELECT TABLE_NAME FROM INFORMATION_SCHEMA.TABLES WHERE TABLE_TYPE = 'BASE TABLE' AND TABLE_NAME = 'water_tracking' AND TABLE_SCHEMA = 'phc_mobile'
Executing (default): SHOW INDEX FROM `water_tracking`
Executing (default): SELECT TABLE_NAME FROM INFORMATION_SCHEMA.TABLES WHERE TABLE_TYPE = 'BASE TABLE' AND TABLE_NAME = 'sleep_tracking' AND TABLE_SCHEMA = 'phc_mobile'
Executing (default): SHOW INDEX FROM `sleep_tracking`
Executing (default): SELECT TABLE_NAME FROM INFORMATION_SCHEMA.TABLES WHERE TABLE_TYPE = 'BASE TABLE' AND TABLE_NAME = 'meal_logging' AND TABLE_SCHEMA = 'phc_mobile'
Executing (default): SHOW INDEX FROM `meal_logging`
✅ Database synchronized successfully.
❌ Port 5432 is already in use. Please try a different port.
💡 Try: PORT=54321 npm run dev
[31m[nodemon] app crashed - waiting for file changes before starting...[39m
[32m[nodemon] restarting due to changes...[39m
[32m[nodemon] starting `node server.js`[39m
Executing (default): SELECT 1+1 AS result
✅ Database connection established successfully.
Executing (default): SELECT TABLE_NAME FROM INFORMATION_SCHEMA.TABLES WHERE TABLE_TYPE = 'BASE TABLE' AND TABLE_NAME = 'users' AND TABLE_SCHEMA = 'phc_mobile'
Executing (default): SHOW INDEX FROM `users`
Executing (default): SELECT TABLE_NAME FROM INFORMATION_SCHEMA.TABLES WHERE TABLE_TYPE = 'BASE TABLE' AND TABLE_NAME = 'health_data' AND TABLE_SCHEMA = 'phc_mobile'
Executing (default): SHOW INDEX FROM `health_data`
Executing (default): SELECT TABLE_NAME FROM INFORMATION_SCHEMA.TABLES WHERE TABLE_TYPE = 'BASE TABLE' AND TABLE_NAME = 'assessments' AND TABLE_SCHEMA = 'phc_mobile'
Executing (default): SHOW INDEX FROM `assessments`
Executing (default): SELECT TABLE_NAME FROM INFORMATION_SCHEMA.TABLES WHERE TABLE_TYPE = 'BASE TABLE' AND TABLE_NAME = 'clinics' AND TABLE_SCHEMA = 'phc_mobile'
Executing (default): SHOW INDEX FROM `clinics`
Executing (default): SELECT TABLE_NAME FROM INFORMATION_SCHEMA.TABLES WHERE TABLE_TYPE = 'BASE TABLE' AND TABLE_NAME = 'services' AND TABLE_SCHEMA = 'phc_mobile'
Executing (default): SHOW INDEX FROM `services`
Executing (default): SELECT TABLE_NAME FROM INFORMATION_SCHEMA.TABLES WHERE TABLE_TYPE = 'BASE TABLE' AND TABLE_NAME = 'doctors' AND TABLE_SCHEMA = 'phc_mobile'
Executing (default): SHOW INDEX FROM `doctors`
Executing (default): SELECT TABLE_NAME FROM INFORMATION_SCHEMA.TABLES WHERE TABLE_TYPE = 'BASE TABLE' AND TABLE_NAME = 'bookings' AND TABLE_SCHEMA = 'phc_mobile'
Executing (default): SHOW INDEX FROM `bookings`
Executing (default): SELECT TABLE_NAME FROM INFORMATION_SCHEMA.TABLES WHERE TABLE_TYPE = 'BASE TABLE' AND TABLE_NAME = 'mood_tracking' AND TABLE_SCHEMA = 'phc_mobile'
Executing (default): SHOW INDEX FROM `mood_tracking`
Executing (default): SELECT TABLE_NAME FROM INFORMATION_SCHEMA.TABLES WHERE TABLE_TYPE = 'BASE TABLE' AND TABLE_NAME = 'water_tracking' AND TABLE_SCHEMA = 'phc_mobile'
Executing (default): SHOW INDEX FROM `water_tracking`
Executing (default): SELECT TABLE_NAME FROM INFORMATION_SCHEMA.TABLES WHERE TABLE_TYPE = 'BASE TABLE' AND TABLE_NAME = 'sleep_tracking' AND TABLE_SCHEMA = 'phc_mobile'
Executing (default): SHOW INDEX FROM `sleep_tracking`
Executing (default): SELECT TABLE_NAME FROM INFORMATION_SCHEMA.TABLES WHERE TABLE_TYPE = 'BASE TABLE' AND TABLE_NAME = 'meal_logging' AND TABLE_SCHEMA = 'phc_mobile'
Executing (default): SHOW INDEX FROM `meal_logging`
✅ Database synchronized successfully.
🚀 PHC Mobile Backend running on port 5432
📊 Environment: development
🗄️  Database: MySQL connected successfully
[31m[nodemon] app crashed - waiting for file changes before starting...[39m
[32m[nodemon] restarting due to changes...[39m
[32m[nodemon] starting `node server.js`[39m
Executing (default): SELECT 1+1 AS result
✅ Database connection established successfully.
Executing (default): SELECT TABLE_NAME FROM INFORMATION_SCHEMA.TABLES WHERE TABLE_TYPE = 'BASE TABLE' AND TABLE_NAME = 'users' AND TABLE_SCHEMA = 'phc_mobile'
Executing (default): SHOW INDEX FROM `users`
Executing (default): SELECT TABLE_NAME FROM INFORMATION_SCHEMA.TABLES WHERE TABLE_TYPE = 'BASE TABLE' AND TABLE_NAME = 'health_data' AND TABLE_SCHEMA = 'phc_mobile'
Executing (default): SHOW INDEX FROM `health_data`
Executing (default): SELECT TABLE_NAME FROM INFORMATION_SCHEMA.TABLES WHERE TABLE_TYPE = 'BASE TABLE' AND TABLE_NAME = 'assessments' AND TABLE_SCHEMA = 'phc_mobile'
Executing (default): SHOW INDEX FROM `assessments`
Executing (default): SELECT TABLE_NAME FROM INFORMATION_SCHEMA.TABLES WHERE TABLE_TYPE = 'BASE TABLE' AND TABLE_NAME = 'clinics' AND TABLE_SCHEMA = 'phc_mobile'
Executing (default): SHOW INDEX FROM `clinics`
Executing (default): SELECT TABLE_NAME FROM INFORMATION_SCHEMA.TABLES WHERE TABLE_TYPE = 'BASE TABLE' AND TABLE_NAME = 'services' AND TABLE_SCHEMA = 'phc_mobile'
Executing (default): SHOW INDEX FROM `services`
Executing (default): SELECT TABLE_NAME FROM INFORMATION_SCHEMA.TABLES WHERE TABLE_TYPE = 'BASE TABLE' AND TABLE_NAME = 'doctors' AND TABLE_SCHEMA = 'phc_mobile'
Executing (default): SHOW INDEX FROM `doctors`
Executing (default): SELECT TABLE_NAME FROM INFORMATION_SCHEMA.TABLES WHERE TABLE_TYPE = 'BASE TABLE' AND TABLE_NAME = 'bookings' AND TABLE_SCHEMA = 'phc_mobile'
Executing (default): SHOW INDEX FROM `bookings`
Executing (default): SELECT TABLE_NAME FROM INFORMATION_SCHEMA.TABLES WHERE TABLE_TYPE = 'BASE TABLE' AND TABLE_NAME = 'mood_tracking' AND TABLE_SCHEMA = 'phc_mobile'
Executing (default): SHOW INDEX FROM `mood_tracking`
Executing (default): SELECT TABLE_NAME FROM INFORMATION_SCHEMA.TABLES WHERE TABLE_TYPE = 'BASE TABLE' AND TABLE_NAME = 'water_tracking' AND TABLE_SCHEMA = 'phc_mobile'
Executing (default): SHOW INDEX FROM `water_tracking`
Executing (default): SELECT TABLE_NAME FROM INFORMATION_SCHEMA.TABLES WHERE TABLE_TYPE = 'BASE TABLE' AND TABLE_NAME = 'sleep_tracking' AND TABLE_SCHEMA = 'phc_mobile'
Executing (default): SHOW INDEX FROM `sleep_tracking`
Executing (default): SELECT TABLE_NAME FROM INFORMATION_SCHEMA.TABLES WHERE TABLE_TYPE = 'BASE TABLE' AND TABLE_NAME = 'meal_logging' AND TABLE_SCHEMA = 'phc_mobile'
Executing (default): SHOW INDEX FROM `meal_logging`
✅ Database synchronized successfully.
🚀 PHC Mobile Backend running on port 5432
📊 Environment: development
🗄️  Database: MySQL connected successfully
[0mGET /clinics [33m404[0m 3.693 ms - 45[0m
[0mGET /health [32m200[0m 2.268 ms - 107[0m
[32m[nodemon] restarting due to changes...[39m
[32m[nodemon] starting `node server.js`[39m
Executing (default): SELECT 1+1 AS result
✅ Database connection established successfully.
Executing (default): SELECT TABLE_NAME FROM INFORMATION_SCHEMA.TABLES WHERE TABLE_TYPE = 'BASE TABLE' AND TABLE_NAME = 'users' AND TABLE_SCHEMA = 'phc_mobile'
Executing (default): SHOW INDEX FROM `users`
Executing (default): SELECT TABLE_NAME FROM INFORMATION_SCHEMA.TABLES WHERE TABLE_TYPE = 'BASE TABLE' AND TABLE_NAME = 'health_data' AND TABLE_SCHEMA = 'phc_mobile'
Executing (default): SHOW INDEX FROM `health_data`
Executing (default): SELECT TABLE_NAME FROM INFORMATION_SCHEMA.TABLES WHERE TABLE_TYPE = 'BASE TABLE' AND TABLE_NAME = 'assessments' AND TABLE_SCHEMA = 'phc_mobile'
Executing (default): SHOW INDEX FROM `assessments`
Executing (default): SELECT TABLE_NAME FROM INFORMATION_SCHEMA.TABLES WHERE TABLE_TYPE = 'BASE TABLE' AND TABLE_NAME = 'clinics' AND TABLE_SCHEMA = 'phc_mobile'
Executing (default): SHOW INDEX FROM `clinics`
Executing (default): SELECT TABLE_NAME FROM INFORMATION_SCHEMA.TABLES WHERE TABLE_TYPE = 'BASE TABLE' AND TABLE_NAME = 'services' AND TABLE_SCHEMA = 'phc_mobile'
Executing (default): SHOW INDEX FROM `services`
Executing (default): SELECT TABLE_NAME FROM INFORMATION_SCHEMA.TABLES WHERE TABLE_TYPE = 'BASE TABLE' AND TABLE_NAME = 'doctors' AND TABLE_SCHEMA = 'phc_mobile'
Executing (default): SHOW INDEX FROM `doctors`
Executing (default): SELECT TABLE_NAME FROM INFORMATION_SCHEMA.TABLES WHERE TABLE_TYPE = 'BASE TABLE' AND TABLE_NAME = 'bookings' AND TABLE_SCHEMA = 'phc_mobile'
Executing (default): SHOW INDEX FROM `bookings`
Executing (default): SELECT TABLE_NAME FROM INFORMATION_SCHEMA.TABLES WHERE TABLE_TYPE = 'BASE TABLE' AND TABLE_NAME = 'mood_tracking' AND TABLE_SCHEMA = 'phc_mobile'
Executing (default): SHOW INDEX FROM `mood_tracking`
Executing (default): SELECT TABLE_NAME FROM INFORMATION_SCHEMA.TABLES WHERE TABLE_TYPE = 'BASE TABLE' AND TABLE_NAME = 'water_tracking' AND TABLE_SCHEMA = 'phc_mobile'
Executing (default): SHOW INDEX FROM `water_tracking`
Executing (default): SELECT TABLE_NAME FROM INFORMATION_SCHEMA.TABLES WHERE TABLE_TYPE = 'BASE TABLE' AND TABLE_NAME = 'sleep_tracking' AND TABLE_SCHEMA = 'phc_mobile'
Executing (default): SHOW INDEX FROM `sleep_tracking`
Executing (default): SELECT TABLE_NAME FROM INFORMATION_SCHEMA.TABLES WHERE TABLE_TYPE = 'BASE TABLE' AND TABLE_NAME = 'meal_logging' AND TABLE_SCHEMA = 'phc_mobile'
Executing (default): SHOW INDEX FROM `meal_logging`
✅ Database synchronized successfully.
❌ Port 5432 is already in use. Please try a different port.
💡 Try: PORT=54321 npm run dev
[31m[nodemon] app crashed - waiting for file changes before starting...[39m
